# JRE version: OpenJDK Runtime Environment (8.0_222-b10) (build 1.8.0_222-8u222-b10-1ubuntu1~18.04.1-b10)
# Java VM: OpenJDK 64-Bit Server VM (25.222-b10 mixed mode linux-amd64 compressed oops)
Heap:
 PSYoungGen      total 159232K, used 5693K [0x000000076d300000, 0x0000000777980000, 0x00000007c0000000)
  eden space 147968K, 0% used [0x000000076d300000,0x000000076d300000,0x0000000776380000)
  from space 11264K, 50% used [0x0000000776380000,0x000000077690f498,0x0000000776e80000)
  to   space 6144K, 0% used [0x0000000777380000,0x0000000777380000,0x0000000777980000)
 ParOldGen       total 109568K, used 7253K [0x00000006c7800000, 0x00000006ce300000, 0x000000076d300000)
  object space 109568K, 6% used [0x00000006c7800000,0x00000006c7f15798,0x00000006ce300000)
 Metaspace       used 27663K, capacity 29346K, committed 29568K, reserved 1075200K
  class space    used 3658K, capacity 3957K, committed 3968K, reserved 1048576K
GC Heap History (10 events):
Event: 104,394 GC heap after
Heap after GC invocations=5 (full 1):
 PSYoungGen      total 97280K, used 8287K [0x000000076d300000, 0x0000000776380000, 0x00000007c0000000)
  eden space 88576K, 0% used [0x000000076d300000,0x000000076d300000,0x0000000772980000)
  from space 8704K, 95% used [0x0000000775b00000,0x0000000776317f50,0x0000000776380000)
  to   space 10240K, 0% used [0x0000000774f80000,0x0000000774f80000,0x0000000775980000)
 ParOldGen       total 109568K, used 7245K [0x00000006c7800000, 0x00000006ce300000, 0x000000076d300000)
  object space 109568K, 6% used [0x00000006c7800000,0x00000006c7f13798,0x00000006ce300000)
 Metaspace       used 26379K, capacity 27996K, committed 28160K, reserved 1073152K
  class space    used 3500K, capacity 3812K, committed 3840K, reserved 1048576K
}
Event: 115,597 GC heap before
{Heap before GC invocations=6 (full 1):
 PSYoungGen      total 97280K, used 96743K [0x000000076d300000, 0x0000000776380000, 0x00000007c0000000)
  eden space 88576K, 99% used [0x000000076d300000,0x0000000772961f20,0x0000000772980000)
  from space 8704K, 95% used [0x0000000775b00000,0x0000000776317f50,0x0000000776380000)
  to   space 10240K, 0% used [0x0000000774f80000,0x0000000774f80000,0x0000000775980000)
 ParOldGen       total 109568K, used 7245K [0x00000006c7800000, 0x00000006ce300000, 0x000000076d300000)
  object space 109568K, 6% used [0x00000006c7800000,0x00000006c7f13798,0x00000006ce300000)
 Metaspace       used 27663K, capacity 29346K, committed 29568K, reserved 1075200K
  class space    used 3658K, capacity 3957K, committed 3968K, reserved 1048576K
Event: 115,652 GC heap after
Heap after GC invocations=6 (full 1):
 PSYoungGen      total 125440K, used 6438K [0x000000076d300000, 0x0000000775d00000, 0x00000007c0000000)
  eden space 118784K, 0% used [0x000000076d300000,0x000000076d300000,0x0000000774700000)
  from space 6656K, 96% used [0x0000000774f80000,0x00000007755c9b38,0x0000000775600000)
  to   space 7168K, 0% used [0x0000000775600000,0x0000000775600000,0x0000000775d00000)
 ParOldGen       total 109568K, used 7253K [0x00000006c7800000, 0x00000006ce300000, 0x000000076d300000)
  object space 109568K, 6% used [0x00000006c7800000,0x00000006c7f15798,0x00000006ce300000)
 Metaspace       used 27663K, capacity 29346K, committed 29568K, reserved 1075200K
  class space    used 3658K, capacity 3957K, committed 3968K, reserved 1048576K
}
Event: 130,188 GC heap before
{Heap before GC invocations=7 (full 1):
 PSYoungGen      total 125440K, used 125222K [0x000000076d300000, 0x0000000775d00000, 0x00000007c0000000)
  eden space 118784K, 100% used [0x000000076d300000,0x0000000774700000,0x0000000774700000)
  from space 6656K, 96% used [0x0000000774f80000,0x00000007755c9b38,0x0000000775600000)
  to   space 7168K, 0% used [0x0000000775600000,0x0000000775600000,0x0000000775d00000)
 ParOldGen       total 109568K, used 7253K [0x00000006c7800000, 0x00000006ce300000, 0x000000076d300000)
  object space 109568K, 6% used [0x00000006c7800000,0x00000006c7f15798,0x00000006ce300000)
 Metaspace       used 27663K, capacity 29346K, committed 29568K, reserved 1075200K
  class space    used 3658K, capacity 3957K, committed 3968K, reserved 1048576K
Event: 130,214 GC heap after
Heap after GC invocations=7 (full 1):
 PSYoungGen      total 130048K, used 5973K [0x000000076d300000, 0x0000000777e80000, 0x00000007c0000000)
  eden space 122880K, 0% used [0x000000076d300000,0x000000076d300000,0x0000000774b00000)
  from space 7168K, 83% used [0x0000000775600000,0x0000000775bd5670,0x0000000775d00000)
  to   space 11264K, 0% used [0x0000000774b00000,0x0000000774b00000,0x0000000775600000)
 ParOldGen       total 109568K, used 7253K [0x00000006c7800000, 0x00000006ce300000, 0x000000076d300000)
  object space 109568K, 6% used [0x00000006c7800000,0x00000006c7f15798,0x00000006ce300000)
 Metaspace       used 27663K, capacity 29346K, committed 29568K, reserved 1075200K
  class space    used 3658K, capacity 3957K, committed 3968K, reserved 1048576K
}
Event: 146,023 GC heap before
{Heap before GC invocations=8 (full 1):
 PSYoungGen      total 130048K, used 128853K [0x000000076d300000, 0x0000000777e80000, 0x00000007c0000000)
  eden space 122880K, 100% used [0x000000076d300000,0x0000000774b00000,0x0000000774b00000)
  from space 7168K, 83% used [0x0000000775600000,0x0000000775bd5670,0x0000000775d00000)
  to   space 11264K, 0% used [0x0000000774b00000,0x0000000774b00000,0x0000000775600000)
 ParOldGen       total 109568K, used 7253K [0x00000006c7800000, 0x00000006ce300000, 0x000000076d300000)
  object space 109568K, 6% used [0x00000006c7800000,0x00000006c7f15798,0x00000006ce300000)
 Metaspace       used 27663K, capacity 29346K, committed 29568K, reserved 1075200K
  class space    used 3658K, capacity 3957K, committed 3968K, reserved 1048576K
Event: 146,044 GC heap after
Heap after GC invocations=8 (full 1):
 PSYoungGen      total 134144K, used 5629K [0x000000076d300000, 0x0000000777e80000, 0x00000007c0000000)
  eden space 122880K, 0% used [0x000000076d300000,0x000000076d300000,0x0000000774b00000)
  from space 11264K, 49% used [0x0000000774b00000,0x000000077507f4a0,0x0000000775600000)
  to   space 11264K, 0% used [0x0000000777380000,0x0000000777380000,0x0000000777e80000)
 ParOldGen       total 109568K, used 7253K [0x00000006c7800000, 0x00000006ce300000, 0x000000076d300000)
  object space 109568K, 6% used [0x00000006c7800000,0x00000006c7f15798,0x00000006ce300000)
 Metaspace       used 27663K, capacity 29346K, committed 29568K, reserved 1075200K
  class space    used 3658K, capacity 3957K, committed 3968K, reserved 1048576K
}
Event: 160,099 GC heap before
{Heap before GC invocations=9 (full 1):
 PSYoungGen      total 134144K, used 128509K [0x000000076d300000, 0x0000000777e80000, 0x00000007c0000000)
  eden space 122880K, 100% used [0x000000076d300000,0x0000000774b00000,0x0000000774b00000)
  from space 11264K, 49% used [0x0000000774b00000,0x000000077507f4a0,0x0000000775600000)
  to   space 11264K, 0% used [0x0000000777380000,0x0000000777380000,0x0000000777e80000)
 ParOldGen       total 109568K, used 7253K [0x00000006c7800000, 0x00000006ce300000, 0x000000076d300000)
  object space 109568K, 6% used [0x00000006c7800000,0x00000006c7f15798,0x00000006ce300000)
 Metaspace       used 27663K, capacity 29346K, committed 29568K, reserved 1075200K
  class space    used 3658K, capacity 3957K, committed 3968K, reserved 1048576K
Event: 160,112 GC heap after
Heap after GC invocations=9 (full 1):
 PSYoungGen      total 154112K, used 5540K [0x000000076d300000, 0x0000000777980000, 0x00000007c0000000)
  eden space 147968K, 0% used [0x000000076d300000,0x000000076d300000,0x0000000776380000)
  from space 6144K, 90% used [0x0000000777380000,0x00000007778e9278,0x0000000777980000)
  to   space 11264K, 0% used [0x0000000776380000,0x0000000776380000,0x0000000776e80000)
 ParOldGen       total 109568K, used 7253K [0x00000006c7800000, 0x00000006ce300000, 0x000000076d300000)
  object space 109568K, 6% used [0x00000006c7800000,0x00000006c7f15798,0x00000006ce300000)
 Metaspace       used 27663K, capacity 29346K, committed 29568K, reserved 1075200K
  class space    used 3658K, capacity 3957K, committed 3968K, reserved 1048576K
}
Event: 190,263 GC heap before
{Heap before GC invocations=10 (full 1):
 PSYoungGen      total 154112K, used 153508K [0x000000076d300000, 0x0000000777980000, 0x00000007c0000000)
  eden space 147968K, 100% used [0x000000076d300000,0x0000000776380000,0x0000000776380000)
  from space 6144K, 90% used [0x0000000777380000,0x00000007778e9278,0x0000000777980000)
  to   space 11264K, 0% used [0x0000000776380000,0x0000000776380000,0x0000000776e80000)
 ParOldGen       total 109568K, used 7253K [0x00000006c7800000, 0x00000006ce300000, 0x000000076d300000)
  object space 109568K, 6% used [0x00000006c7800000,0x00000006c7f15798,0x00000006ce300000)
 Metaspace       used 27663K, capacity 29346K, committed 29568K, reserved 1075200K
  class space    used 3658K, capacity 3957K, committed 3968K, reserved 1048576K

